<?xml version="1.0" encoding="UTF-8"?><testsuite errors="0" failures="0" name="com.bestbuy.studentinfo.StoreCRUDTestWithSteps" skipped="0" tests="5" time="2.8" timestamp="2023-01-04T00:04:13.584Z[Europe/London]"><testcase classname="com.bestbuy.studentinfo.StoreCRUDTestWithSteps" name="This will get all stores details"/><testcase classname="com.bestbuy.studentinfo.StoreCRUDTestWithSteps" name="This method will create new store details"/><testcase classname="com.bestbuy.studentinfo.StoreCRUDTestWithSteps" name="This will get single store details"/><testcase classname="com.bestbuy.studentinfo.StoreCRUDTestWithSteps" name="This will update single store details"/><testcase classname="com.bestbuy.studentinfo.StoreCRUDTestWithSteps" name="This will delete single store details"/></testsuite>