<?xml version="1.0" encoding="UTF-8"?><testsuite errors="0" failures="0" name="com.bestbuy.studentinfo.ProductCRUDTestWithSteps" skipped="0" tests="5" time="2.92" timestamp="2023-01-04T00:05:19.520Z[Europe/London]"><testcase classname="com.bestbuy.studentinfo.ProductCRUDTestWithSteps" name="Test001"/><testcase classname="com.bestbuy.studentinfo.ProductCRUDTestWithSteps" name="Test002"/><testcase classname="com.bestbuy.studentinfo.ProductCRUDTestWithSteps" name="Test003"/><testcase classname="com.bestbuy.studentinfo.ProductCRUDTestWithSteps" name="Test004"/><testcase classname="com.bestbuy.studentinfo.ProductCRUDTestWithSteps" name="Test005"/></testsuite>